<?xml version="1.0" encoding="UTF-8"?>
<testsuite name="com.edu.lesson10.CalcTest" tests="2" skipped="0" failures="0" errors="0" timestamp="2019-12-01T20:37:18" hostname="DESKTOP-6HGA1CP" time="0.446">
  <properties/>
  <testcase name="testSum" classname="com.edu.lesson10.CalcTest" time="0.442"/>
  <testcase name="testSumWithException" classname="com.edu.lesson10.CalcTest" time="0.002"/>
  <system-out><![CDATA[]]></system-out>
  <system-err><![CDATA[]]></system-err>
</testsuite>
